\BOOKMARK [0][-]{chapter.1}{Gruppentheorie}{}% 1
\BOOKMARK [1][-]{section.1.1}{Nebenklassen\040und\040Satz\040von\040Lagrange}{chapter.1}% 2
\BOOKMARK [1][-]{section.1.2}{Normalteiler\040und\040Quotientengruppen}{chapter.1}% 3
\BOOKMARK [1][-]{section.1.3}{Erzeugte\040Untergruppen}{chapter.1}% 4
\BOOKMARK [1][-]{section.1.4}{Gruppenwirkungen}{chapter.1}% 5
\BOOKMARK [1][-]{section.1.5}{p-Gruppen und Sylowsätze}{chapter.1}% 6
\BOOKMARK [1][-]{section.1.6}{Klassifikation\040endlicher\040abelscher\040Gruppen}{chapter.1}% 7
\BOOKMARK [1][-]{section.1.7}{Beispiel:\040Die\040Diedergruppe\040D_n}{chapter.1}% 8
\BOOKMARK [0][-]{chapter.2}{Ringtheorie}{}% 9
\BOOKMARK [1][-]{section.2.1}{Einheiten\040und\040Nullteiler}{chapter.2}% 10
\BOOKMARK [1][-]{section.2.2}{Polynomringe}{chapter.2}% 11
\BOOKMARK [1][-]{section.2.3}{Ideale\040und\040Quotientenringe}{chapter.2}% 12
\BOOKMARK [1][-]{section.2.4}{Prim-\040und\040maximale\040Ideale}{chapter.2}% 13
\BOOKMARK [1][-]{section.2.5}{Lokalisierung}{chapter.2}% 14
\BOOKMARK [1][-]{section.2.6}{Hauptideal-\040und\040euklidische\040Ringe}{chapter.2}% 15
\BOOKMARK [1][-]{section.2.7}{Faktorielle\040Ringe}{chapter.2}% 16
\BOOKMARK [1][-]{section.2.8}{Irreduziblitätskriterien}{chapter.2}% 17
\BOOKMARK [1][-]{section.2.9}{Chinesischer\040Restsatz}{chapter.2}% 18
\BOOKMARK [0][-]{chapter.3}{Körpererweiterungen}{}% 19
\BOOKMARK [1][-]{section.3.1}{Der Primkörper}{chapter.3}% 20
\BOOKMARK [1][-]{section.3.2}{Der Grad einer Körpererweiterung}{chapter.3}% 21
\BOOKMARK [1][-]{section.3.3}{Algebraizität}{chapter.3}% 22
\BOOKMARK [1][-]{section.3.4}{Einfache Körpererweiterungen}{chapter.3}% 23
\BOOKMARK [1][-]{section.3.5}{Das\040Kompositum}{chapter.3}% 24
\BOOKMARK [1][-]{section.3.6}{K-Homomorphismen}{chapter.3}% 25
\BOOKMARK [1][-]{section.3.7}{Der\040Algebraische\040Abschluss}{chapter.3}% 26
\BOOKMARK [1][-]{section.3.8}{Zerfällungskörper}{chapter.3}% 27
\BOOKMARK [1][-]{section.3.9}{Separablität}{chapter.3}% 28
\BOOKMARK [1][-]{section.3.10}{Klassifikation endlicher Körper}{chapter.3}% 29
\BOOKMARK [0][-]{chapter.4}{Galois-Theorie}{}% 30
\BOOKMARK [1][-]{section.4.1}{Galois-Erweiterungen}{chapter.4}% 31
\BOOKMARK [1][-]{section.4.2}{Beispiel:\040C/R}{chapter.4}% 32
\BOOKMARK [1][-]{section.4.3}{Beispiel:\040F_\(pn\)/F_p}{chapter.4}% 33
\BOOKMARK [1][-]{section.4.4}{Beispiel:\040Q\(sqrt\(2\),sqrt\(3\)\)/Q}{chapter.4}% 34
\BOOKMARK [1][-]{section.4.5}{Beispiel: Kreisteilungskörper Q\(zeta_n\)/Q}{chapter.4}% 35
